# JRE version: OpenJDK Runtime Environment Temurin-17.0.17+10 (17.0.17+10) (build 17.0.17+10)
# Java VM: OpenJDK 64-Bit Server VM Temurin-17.0.17+10 (17.0.17+10, mixed mode, sharing, tiered, compressed oops, compressed class ptrs, g1 gc, windows-amd64)
GC Precious Log:
 CPUs: 12 total, 12 available
 Memory: 15722M
 Large Page Support: Disabled
 NUMA Support: Disabled
 Compressed Oops: Enabled (32-bit)
 Heap Region Size: 1M
 Heap Min Capacity: 8M
 Heap Initial Capacity: 246M
 Heap Max Capacity: 2G
 Pre-touch: Disabled
 Parallel Workers: 10
 Concurrent Workers: 3
 Concurrent Refinement Workers: 10
 Periodic GC: Disabled
Heap:
 garbage-first heap   total 114688K, used 74578K [0x0000000080000000, 0x0000000100000000)
  region size 1024K, 4 young (4096K), 4 survivors (4096K)
 Metaspace       used 44245K, committed 44928K, reserved 1114112K
  class space    used 6182K, committed 6528K, reserved 1048576K
GC Heap History (20 events):
Event: 2.812 GC heap after
{Heap after GC invocations=4 (full 0):
 garbage-first heap   total 251904K, used 24157K [0x0000000080000000, 0x0000000100000000)
  region size 1024K, 12 young (12288K), 12 survivors (12288K)
 Metaspace       used 21206K, committed 21504K, reserved 1114112K
  class space    used 3107K, committed 3264K, reserved 1048576K
}
Event: 3.258 GC heap before
{Heap before GC invocations=5 (full 0):
 garbage-first heap   total 86016K, used 71261K [0x0000000080000000, 0x0000000100000000)
  region size 1024K, 47 young (48128K), 12 survivors (12288K)
 Metaspace       used 24627K, committed 25088K, reserved 1114112K
  class space    used 3677K, committed 3904K, reserved 1048576K
}
Event: 3.265 GC heap after
{Heap after GC invocations=6 (full 0):
 garbage-first heap   total 92160K, used 43137K [0x0000000080000000, 0x0000000100000000)
  region size 1024K, 6 young (6144K), 6 survivors (6144K)
 Metaspace       used 24627K, committed 25088K, reserved 1114112K
  class space    used 3677K, committed 3904K, reserved 1048576K
}
Event: 3.566 GC heap before
{Heap before GC invocations=6 (full 0):
 garbage-first heap   total 92160K, used 70785K [0x0000000080000000, 0x0000000100000000)
  region size 1024K, 33 young (33792K), 6 survivors (6144K)
 Metaspace       used 27519K, committed 27968K, reserved 1114112K
  class space    used 4131K, committed 4352K, reserved 1048576K
}
Event: 3.569 GC heap after
{Heap after GC invocations=7 (full 0):
 garbage-first heap   total 92160K, used 43592K [0x0000000080000000, 0x0000000100000000)
  region size 1024K, 2 young (2048K), 2 survivors (2048K)
 Metaspace       used 27519K, committed 27968K, reserved 1114112K
  class space    used 4131K, committed 4352K, reserved 1048576K
}
Event: 3.914 GC heap before
{Heap before GC invocations=7 (full 0):
 garbage-first heap   total 92160K, used 70216K [0x0000000080000000, 0x0000000100000000)
  region size 1024K, 29 young (29696K), 2 survivors (2048K)
 Metaspace       used 31404K, committed 31872K, reserved 1114112K
  class space    used 4662K, committed 4864K, reserved 1048576K
}
Event: 3.917 GC heap after
{Heap after GC invocations=8 (full 0):
 garbage-first heap   total 92160K, used 45173K [0x0000000080000000, 0x0000000100000000)
  region size 1024K, 3 young (3072K), 3 survivors (3072K)
 Metaspace       used 31404K, committed 31872K, reserved 1114112K
  class space    used 4662K, committed 4864K, reserved 1048576K
}
Event: 4.138 GC heap before
{Heap before GC invocations=9 (full 0):
 garbage-first heap   total 92160K, used 71797K [0x0000000080000000, 0x0000000100000000)
  region size 1024K, 30 young (30720K), 3 survivors (3072K)
 Metaspace       used 35322K, committed 35840K, reserved 1114112K
  class space    used 5077K, committed 5312K, reserved 1048576K
}
Event: 4.142 GC heap after
{Heap after GC invocations=10 (full 0):
 garbage-first heap   total 92160K, used 48544K [0x0000000080000000, 0x0000000100000000)
  region size 1024K, 4 young (4096K), 4 survivors (4096K)
 Metaspace       used 35322K, committed 35840K, reserved 1114112K
  class space    used 5077K, committed 5312K, reserved 1048576K
}
Event: 4.230 GC heap before
{Heap before GC invocations=10 (full 0):
 garbage-first heap   total 92160K, used 60832K [0x0000000080000000, 0x0000000100000000)
  region size 1024K, 18 young (18432K), 4 survivors (4096K)
 Metaspace       used 35812K, committed 36288K, reserved 1114112K
  class space    used 5127K, committed 5376K, reserved 1048576K
}
Event: 4.234 GC heap after
{Heap after GC invocations=11 (full 0):
 garbage-first heap   total 110592K, used 51198K [0x0000000080000000, 0x0000000100000000)
  region size 1024K, 3 young (3072K), 3 survivors (3072K)
 Metaspace       used 35812K, committed 36288K, reserved 1114112K
  class space    used 5127K, committed 5376K, reserved 1048576K
}
Event: 4.235 GC heap before
{Heap before GC invocations=11 (full 0):
 garbage-first heap   total 110592K, used 52222K [0x0000000080000000, 0x0000000100000000)
  region size 1024K, 3 young (3072K), 3 survivors (3072K)
 Metaspace       used 35812K, committed 36288K, reserved 1114112K
  class space    used 5127K, committed 5376K, reserved 1048576K
}
Event: 4.237 GC heap after
{Heap after GC invocations=12 (full 0):
 garbage-first heap   total 110592K, used 51503K [0x0000000080000000, 0x0000000100000000)
  region size 1024K, 2 young (2048K), 2 survivors (2048K)
 Metaspace       used 35812K, committed 36288K, reserved 1114112K
  class space    used 5127K, committed 5376K, reserved 1048576K
}
Event: 4.782 GC heap before
{Heap before GC invocations=13 (full 0):
 garbage-first heap   total 110592K, used 89391K [0x0000000080000000, 0x0000000100000000)
  region size 1024K, 35 young (35840K), 2 survivors (2048K)
 Metaspace       used 40129K, committed 40640K, reserved 1114112K
  class space    used 5692K, committed 5952K, reserved 1048576K
}
Event: 4.784 GC heap after
{Heap after GC invocations=14 (full 0):
 garbage-first heap   total 110592K, used 52195K [0x0000000080000000, 0x0000000100000000)
  region size 1024K, 4 young (4096K), 4 survivors (4096K)
 Metaspace       used 40129K, committed 40640K, reserved 1114112K
  class space    used 5692K, committed 5952K, reserved 1048576K
}
Event: 5.037 GC heap before
{Heap before GC invocations=14 (full 0):
 garbage-first heap   total 110592K, used 69603K [0x0000000080000000, 0x0000000100000000)
  region size 1024K, 22 young (22528K), 4 survivors (4096K)
 Metaspace       used 41688K, committed 42240K, reserved 1114112K
  class space    used 5957K, committed 6208K, reserved 1048576K
}
Event: 5.041 GC heap after
{Heap after GC invocations=15 (full 0):
 garbage-first heap   total 110592K, used 54028K [0x0000000080000000, 0x0000000100000000)
  region size 1024K, 4 young (4096K), 4 survivors (4096K)
 Metaspace       used 41688K, committed 42240K, reserved 1114112K
  class space    used 5957K, committed 6208K, reserved 1048576K
}
Event: 5.176 GC heap before
{Heap before GC invocations=16 (full 0):
 garbage-first heap   total 110592K, used 67340K [0x0000000080000000, 0x0000000100000000)
  region size 1024K, 17 young (17408K), 4 survivors (4096K)
 Metaspace       used 41935K, committed 42496K, reserved 1114112K
  class space    used 5976K, committed 6208K, reserved 1048576K
}
Event: 5.179 GC heap after
{Heap after GC invocations=17 (full 0):
 garbage-first heap   total 110592K, used 58408K [0x0000000080000000, 0x0000000100000000)
  region size 1024K, 5 young (5120K), 5 survivors (5120K)
 Metaspace       used 41935K, committed 42496K, reserved 1114112K
  class space    used 5976K, committed 6208K, reserved 1048576K
}
Event: 5.516 GC heap before
{Heap before GC invocations=18 (full 0):
 garbage-first heap   total 114688K, used 98344K [0x0000000080000000, 0x0000000100000000)
  region size 1024K, 31 young (31744K), 5 survivors (5120K)
 Metaspace       used 44245K, committed 44928K, reserved 1114112K
  class space    used 6182K, committed 6528K, reserved 1048576K
}

