# JRE version: OpenJDK Runtime Environment Temurin-17.0.17+10 (17.0.17+10) (build 17.0.17+10)
# Java VM: OpenJDK 64-Bit Server VM Temurin-17.0.17+10 (17.0.17+10, mixed mode, sharing, tiered, compressed oops, compressed class ptrs, g1 gc, windows-amd64)
GC Precious Log:
 CPUs: 12 total, 12 available
 Memory: 15722M
 Large Page Support: Disabled
 NUMA Support: Disabled
 Compressed Oops: Enabled (32-bit)
 Heap Region Size: 1M
 Heap Min Capacity: 8M
 Heap Initial Capacity: 246M
 Heap Max Capacity: 2G
 Pre-touch: Disabled
 Parallel Workers: 10
 Concurrent Workers: 3
 Concurrent Refinement Workers: 10
 Periodic GC: Disabled
Heap:
 garbage-first heap   total 253952K, used 121882K [0x0000000080000000, 0x0000000100000000)
  region size 1024K, 54 young (55296K), 4 survivors (4096K)
 Metaspace       used 44700K, committed 45312K, reserved 1114112K
  class space    used 6233K, committed 6528K, reserved 1048576K
GC Heap History (20 events):
Event: 3.506 GC heap before
{Heap before GC invocations=5 (full 0):
 garbage-first heap   total 86016K, used 70972K [0x0000000080000000, 0x0000000100000000)
  region size 1024K, 47 young (48128K), 12 survivors (12288K)
 Metaspace       used 24690K, committed 25152K, reserved 1114112K
  class space    used 3668K, committed 3904K, reserved 1048576K
}
Event: 3.514 GC heap after
{Heap after GC invocations=6 (full 0):
 garbage-first heap   total 93184K, used 43449K [0x0000000080000000, 0x0000000100000000)
  region size 1024K, 7 young (7168K), 7 survivors (7168K)
 Metaspace       used 24690K, committed 25152K, reserved 1114112K
  class space    used 3668K, committed 3904K, reserved 1048576K
}
Event: 3.824 GC heap before
{Heap before GC invocations=6 (full 0):
 garbage-first heap   total 93184K, used 69049K [0x0000000080000000, 0x0000000100000000)
  region size 1024K, 33 young (33792K), 7 survivors (7168K)
 Metaspace       used 27454K, committed 27904K, reserved 1114112K
  class space    used 4116K, committed 4352K, reserved 1048576K
}
Event: 3.827 GC heap after
{Heap after GC invocations=7 (full 0):
 garbage-first heap   total 93184K, used 43849K [0x0000000080000000, 0x0000000100000000)
  region size 1024K, 2 young (2048K), 2 survivors (2048K)
 Metaspace       used 27454K, committed 27904K, reserved 1114112K
  class space    used 4116K, committed 4352K, reserved 1048576K
}
Event: 4.216 GC heap before
{Heap before GC invocations=7 (full 0):
 garbage-first heap   total 93184K, used 70473K [0x0000000080000000, 0x0000000100000000)
  region size 1024K, 29 young (29696K), 2 survivors (2048K)
 Metaspace       used 31250K, committed 31680K, reserved 1114112K
  class space    used 4648K, committed 4864K, reserved 1048576K
}
Event: 4.218 GC heap after
{Heap after GC invocations=8 (full 0):
 garbage-first heap   total 93184K, used 45377K [0x0000000080000000, 0x0000000100000000)
  region size 1024K, 3 young (3072K), 3 survivors (3072K)
 Metaspace       used 31250K, committed 31680K, reserved 1114112K
  class space    used 4648K, committed 4864K, reserved 1048576K
}
Event: 4.500 GC heap before
{Heap before GC invocations=9 (full 0):
 garbage-first heap   total 93184K, used 72001K [0x0000000080000000, 0x0000000100000000)
  region size 1024K, 30 young (30720K), 3 survivors (3072K)
 Metaspace       used 35302K, committed 35776K, reserved 1114112K
  class space    used 5069K, committed 5312K, reserved 1048576K
}
Event: 4.504 GC heap after
{Heap after GC invocations=10 (full 0):
 garbage-first heap   total 93184K, used 48633K [0x0000000080000000, 0x0000000100000000)
  region size 1024K, 4 young (4096K), 4 survivors (4096K)
 Metaspace       used 35302K, committed 35776K, reserved 1114112K
  class space    used 5069K, committed 5312K, reserved 1048576K
}
Event: 4.598 GC heap before
{Heap before GC invocations=10 (full 0):
 garbage-first heap   total 93184K, used 61945K [0x0000000080000000, 0x0000000100000000)
  region size 1024K, 18 young (18432K), 4 survivors (4096K)
 Metaspace       used 35791K, committed 36224K, reserved 1114112K
  class space    used 5118K, committed 5312K, reserved 1048576K
}
Event: 4.601 GC heap after
{Heap after GC invocations=11 (full 0):
 garbage-first heap   total 112640K, used 51311K [0x0000000080000000, 0x0000000100000000)
  region size 1024K, 3 young (3072K), 3 survivors (3072K)
 Metaspace       used 35791K, committed 36224K, reserved 1114112K
  class space    used 5118K, committed 5312K, reserved 1048576K
}
Event: 4.602 GC heap before
{Heap before GC invocations=11 (full 0):
 garbage-first heap   total 112640K, used 52335K [0x0000000080000000, 0x0000000100000000)
  region size 1024K, 3 young (3072K), 3 survivors (3072K)
 Metaspace       used 35791K, committed 36224K, reserved 1114112K
  class space    used 5118K, committed 5312K, reserved 1048576K
}
Event: 4.604 GC heap after
{Heap after GC invocations=12 (full 0):
 garbage-first heap   total 112640K, used 51634K [0x0000000080000000, 0x0000000100000000)
  region size 1024K, 2 young (2048K), 2 survivors (2048K)
 Metaspace       used 35791K, committed 36224K, reserved 1114112K
  class space    used 5118K, committed 5312K, reserved 1048576K
}
Event: 4.605 GC heap before
{Heap before GC invocations=12 (full 0):
 garbage-first heap   total 112640K, used 53682K [0x0000000080000000, 0x0000000100000000)
  region size 1024K, 3 young (3072K), 2 survivors (2048K)
 Metaspace       used 35791K, committed 36224K, reserved 1114112K
  class space    used 5118K, committed 5312K, reserved 1048576K
}
Event: 4.607 GC heap after
{Heap after GC invocations=13 (full 0):
 garbage-first heap   total 112640K, used 52689K [0x0000000080000000, 0x0000000100000000)
  region size 1024K, 2 young (2048K), 2 survivors (2048K)
 Metaspace       used 35791K, committed 36224K, reserved 1114112K
  class space    used 5118K, committed 5312K, reserved 1048576K
}
Event: 5.172 GC heap before
{Heap before GC invocations=14 (full 0):
 garbage-first heap   total 112640K, used 92625K [0x0000000080000000, 0x0000000100000000)
  region size 1024K, 39 young (39936K), 2 survivors (2048K)
 Metaspace       used 40511K, committed 41088K, reserved 1114112K
  class space    used 5749K, committed 6016K, reserved 1048576K
}
Event: 5.174 GC heap after
{Heap after GC invocations=15 (full 0):
 garbage-first heap   total 112640K, used 52504K [0x0000000080000000, 0x0000000100000000)
  region size 1024K, 4 young (4096K), 4 survivors (4096K)
 Metaspace       used 40511K, committed 41088K, reserved 1114112K
  class space    used 5749K, committed 6016K, reserved 1048576K
}
Event: 5.431 GC heap before
{Heap before GC invocations=15 (full 0):
 garbage-first heap   total 112640K, used 65816K [0x0000000080000000, 0x0000000100000000)
  region size 1024K, 18 young (18432K), 4 survivors (4096K)
 Metaspace       used 41657K, committed 42176K, reserved 1114112K
  class space    used 5951K, committed 6208K, reserved 1048576K
}
Event: 5.434 GC heap after
{Heap after GC invocations=16 (full 0):
 garbage-first heap   total 112640K, used 54233K [0x0000000080000000, 0x0000000100000000)
  region size 1024K, 4 young (4096K), 4 survivors (4096K)
 Metaspace       used 41657K, committed 42176K, reserved 1114112K
  class space    used 5951K, committed 6208K, reserved 1048576K
}
Event: 5.600 GC heap before
{Heap before GC invocations=17 (full 0):
 garbage-first heap   total 112640K, used 68569K [0x0000000080000000, 0x0000000100000000)
  region size 1024K, 17 young (17408K), 4 survivors (4096K)
 Metaspace       used 41951K, committed 42496K, reserved 1114112K
  class space    used 5970K, committed 6208K, reserved 1048576K
}
Event: 5.603 GC heap after
{Heap after GC invocations=18 (full 0):
 garbage-first heap   total 253952K, used 58394K [0x0000000080000000, 0x0000000100000000)
  region size 1024K, 4 young (4096K), 4 survivors (4096K)
 Metaspace       used 41951K, committed 42496K, reserved 1114112K
  class space    used 5970K, committed 6208K, reserved 1048576K
}

